[debug] [2021-10-13T07:30:28.376Z] ----------------------------------------------------------------------
[debug] [2021-10-13T07:30:28.381Z] Command:       /usr/local/bin/node /usr/local/bin/firebase deploy
[debug] [2021-10-13T07:30:28.382Z] CLI Version:   9.20.0
[debug] [2021-10-13T07:30:28.382Z] Platform:      linux
[debug] [2021-10-13T07:30:28.383Z] Node Version:  v14.17.5
[debug] [2021-10-13T07:30:28.440Z] Time:          Wed Oct 13 2021 13:00:28 GMT+0530 (India Standard Time)
[debug] [2021-10-13T07:30:28.441Z] ----------------------------------------------------------------------
[debug] 
[debug] [2021-10-13T07:30:28.572Z] > command requires scopes: ["email","openid","https://www.googleapis.com/auth/cloudplatformprojects.readonly","https://www.googleapis.com/auth/firebase","https://www.googleapis.com/auth/cloud-platform"]
[debug] [2021-10-13T07:30:28.572Z] > authorizing via signed-in user (absatyaprakash01@gmail.com)
[debug] [2021-10-13T07:30:28.572Z] [iam] checking project nexusar-website for permissions ["firebase.projects.get","firebasehosting.sites.update"]
[debug] [2021-10-13T07:30:28.574Z] > refreshing access token with scopes: ["email","https://www.googleapis.com/auth/cloud-platform","https://www.googleapis.com/auth/cloudplatformprojects.readonly","https://www.googleapis.com/auth/firebase","openid"]
[debug] [2021-10-13T07:30:28.574Z] >>> HTTP REQUEST POST https://www.googleapis.com/oauth2/v3/token  
 <request body omitted>
[debug] [2021-10-13T07:30:28.598Z] [iam] error while checking permissions, command may fail: FirebaseError: Authentication Error: Your credentials are no longer valid. Please run firebase login --reauth

For CI servers and headless environments, generate a new token with firebase login:ci
[debug] [2021-10-13T07:30:28.599Z] > refreshing access token with scopes: []
[debug] [2021-10-13T07:30:28.599Z] >>> HTTP REQUEST POST https://www.googleapis.com/oauth2/v3/token  
 <request body omitted>
[debug] [2021-10-13T07:30:28.605Z] Authentication Error: Your credentials are no longer valid. Please run firebase login --reauth

For CI servers and headless environments, generate a new token with firebase login:ci
[debug] [2021-10-13T07:30:28.610Z] FirebaseError: Authentication Error: Your credentials are no longer valid. Please run firebase login --reauth

For CI servers and headless environments, generate a new token with firebase login:ci
    at invalidCredentialError (/usr/local/lib/node_modules/firebase-tools/lib/auth.js:141:12)
    at refreshTokens (/usr/local/lib/node_modules/firebase-tools/lib/auth.js:448:15)
    at processTicksAndRejections (internal/process/task_queues.js:95:5)
    at async Client.getAccessToken (/usr/local/lib/node_modules/firebase-tools/lib/apiv2.js:144:23)
    at async Client.addAuthHeader (/usr/local/lib/node_modules/firebase-tools/lib/apiv2.js:135:21)
    at async Client.request (/usr/local/lib/node_modules/firebase-tools/lib/apiv2.js:93:34)
    at async Object.getFirebaseProject (/usr/local/lib/node_modules/firebase-tools/lib/management/projects.js:290:21)
    at async Object.getDefaultHostingSite (/usr/local/lib/node_modules/firebase-tools/lib/getDefaultHostingSite.js:8:21)
    at async requireHostingSite (/usr/local/lib/node_modules/firebase-tools/lib/requireHostingSite.js:9:18)
    at async Object.fn (/usr/local/lib/node_modules/firebase-tools/lib/commands/deploy.js:65:9)
    at async /usr/local/lib/node_modules/firebase-tools/lib/command.js:188:17
[error] 
[error] Error: Failed to get Firebase project nexusar-website. Please make sure the project exists and your account has permission to access it.
[debug] [2021-10-13T07:30:35.013Z] ----------------------------------------------------------------------
[debug] [2021-10-13T07:30:35.015Z] Command:       /usr/local/bin/node /usr/local/bin/firebase deploy
[debug] [2021-10-13T07:30:35.015Z] CLI Version:   9.20.0
[debug] [2021-10-13T07:30:35.016Z] Platform:      linux
[debug] [2021-10-13T07:30:35.016Z] Node Version:  v14.17.5
[debug] [2021-10-13T07:30:35.016Z] Time:          Wed Oct 13 2021 13:00:35 GMT+0530 (India Standard Time)
[debug] [2021-10-13T07:30:35.016Z] ----------------------------------------------------------------------
[debug] 
[debug] [2021-10-13T07:30:35.064Z] > command requires scopes: ["email","openid","https://www.googleapis.com/auth/cloudplatformprojects.readonly","https://www.googleapis.com/auth/firebase","https://www.googleapis.com/auth/cloud-platform"]
[debug] [2021-10-13T07:30:35.064Z] > authorizing via signed-in user (absatyaprakash01@gmail.com)
[debug] [2021-10-13T07:30:35.065Z] [iam] checking project nexusar-website for permissions ["firebase.projects.get","firebasehosting.sites.update"]
[debug] [2021-10-13T07:30:35.066Z] > refreshing access token with scopes: ["email","https://www.googleapis.com/auth/cloud-platform","https://www.googleapis.com/auth/cloudplatformprojects.readonly","https://www.googleapis.com/auth/firebase","openid"]
[debug] [2021-10-13T07:30:35.067Z] >>> HTTP REQUEST POST https://www.googleapis.com/oauth2/v3/token  
 <request body omitted>
[debug] [2021-10-13T07:30:35.086Z] [iam] error while checking permissions, command may fail: FirebaseError: Authentication Error: Your credentials are no longer valid. Please run firebase login --reauth

For CI servers and headless environments, generate a new token with firebase login:ci
[debug] [2021-10-13T07:30:35.087Z] > refreshing access token with scopes: []
[debug] [2021-10-13T07:30:35.087Z] >>> HTTP REQUEST POST https://www.googleapis.com/oauth2/v3/token  
 <request body omitted>
[debug] [2021-10-13T07:30:35.094Z] Authentication Error: Your credentials are no longer valid. Please run firebase login --reauth

For CI servers and headless environments, generate a new token with firebase login:ci
[debug] [2021-10-13T07:30:35.099Z] FirebaseError: Authentication Error: Your credentials are no longer valid. Please run firebase login --reauth

For CI servers and headless environments, generate a new token with firebase login:ci
    at invalidCredentialError (/usr/local/lib/node_modules/firebase-tools/lib/auth.js:141:12)
    at refreshTokens (/usr/local/lib/node_modules/firebase-tools/lib/auth.js:448:15)
    at processTicksAndRejections (internal/process/task_queues.js:95:5)
    at async Client.getAccessToken (/usr/local/lib/node_modules/firebase-tools/lib/apiv2.js:144:23)
    at async Client.addAuthHeader (/usr/local/lib/node_modules/firebase-tools/lib/apiv2.js:135:21)
    at async Client.request (/usr/local/lib/node_modules/firebase-tools/lib/apiv2.js:93:34)
    at async Object.getFirebaseProject (/usr/local/lib/node_modules/firebase-tools/lib/management/projects.js:290:21)
    at async Object.getDefaultHostingSite (/usr/local/lib/node_modules/firebase-tools/lib/getDefaultHostingSite.js:8:21)
    at async requireHostingSite (/usr/local/lib/node_modules/firebase-tools/lib/requireHostingSite.js:9:18)
    at async Object.fn (/usr/local/lib/node_modules/firebase-tools/lib/commands/deploy.js:65:9)
    at async /usr/local/lib/node_modules/firebase-tools/lib/command.js:188:17
[error] 
[error] Error: Failed to get Firebase project nexusar-website. Please make sure the project exists and your account has permission to access it.
[debug] [2021-10-13T07:30:42.067Z] ----------------------------------------------------------------------
[debug] [2021-10-13T07:30:42.070Z] Command:       /usr/local/bin/node /usr/local/bin/firebase deploy
[debug] [2021-10-13T07:30:42.070Z] CLI Version:   9.20.0
[debug] [2021-10-13T07:30:42.071Z] Platform:      linux
[debug] [2021-10-13T07:30:42.071Z] Node Version:  v14.17.5
[debug] [2021-10-13T07:30:42.071Z] Time:          Wed Oct 13 2021 13:00:42 GMT+0530 (India Standard Time)
[debug] [2021-10-13T07:30:42.071Z] ----------------------------------------------------------------------
[debug] 
[debug] [2021-10-13T07:30:42.119Z] > command requires scopes: ["email","openid","https://www.googleapis.com/auth/cloudplatformprojects.readonly","https://www.googleapis.com/auth/firebase","https://www.googleapis.com/auth/cloud-platform"]
[debug] [2021-10-13T07:30:42.120Z] > authorizing via signed-in user (absatyaprakash01@gmail.com)
[debug] [2021-10-13T07:30:42.120Z] [iam] checking project nexusar-website for permissions ["firebase.projects.get","firebasehosting.sites.update"]
[debug] [2021-10-13T07:30:42.121Z] > refreshing access token with scopes: ["email","https://www.googleapis.com/auth/cloud-platform","https://www.googleapis.com/auth/cloudplatformprojects.readonly","https://www.googleapis.com/auth/firebase","openid"]
[debug] [2021-10-13T07:30:42.122Z] >>> HTTP REQUEST POST https://www.googleapis.com/oauth2/v3/token  
 <request body omitted>
[debug] [2021-10-13T07:30:42.141Z] [iam] error while checking permissions, command may fail: FirebaseError: Authentication Error: Your credentials are no longer valid. Please run firebase login --reauth

For CI servers and headless environments, generate a new token with firebase login:ci
[debug] [2021-10-13T07:30:42.142Z] > refreshing access token with scopes: []
[debug] [2021-10-13T07:30:42.142Z] >>> HTTP REQUEST POST https://www.googleapis.com/oauth2/v3/token  
 <request body omitted>
[debug] [2021-10-13T07:30:42.149Z] Authentication Error: Your credentials are no longer valid. Please run firebase login --reauth

For CI servers and headless environments, generate a new token with firebase login:ci
[debug] [2021-10-13T07:30:42.154Z] FirebaseError: Authentication Error: Your credentials are no longer valid. Please run firebase login --reauth

For CI servers and headless environments, generate a new token with firebase login:ci
    at invalidCredentialError (/usr/local/lib/node_modules/firebase-tools/lib/auth.js:141:12)
    at refreshTokens (/usr/local/lib/node_modules/firebase-tools/lib/auth.js:448:15)
    at processTicksAndRejections (internal/process/task_queues.js:95:5)
    at async Client.getAccessToken (/usr/local/lib/node_modules/firebase-tools/lib/apiv2.js:144:23)
    at async Client.addAuthHeader (/usr/local/lib/node_modules/firebase-tools/lib/apiv2.js:135:21)
    at async Client.request (/usr/local/lib/node_modules/firebase-tools/lib/apiv2.js:93:34)
    at async Object.getFirebaseProject (/usr/local/lib/node_modules/firebase-tools/lib/management/projects.js:290:21)
    at async Object.getDefaultHostingSite (/usr/local/lib/node_modules/firebase-tools/lib/getDefaultHostingSite.js:8:21)
    at async requireHostingSite (/usr/local/lib/node_modules/firebase-tools/lib/requireHostingSite.js:9:18)
    at async Object.fn (/usr/local/lib/node_modules/firebase-tools/lib/commands/deploy.js:65:9)
    at async /usr/local/lib/node_modules/firebase-tools/lib/command.js:188:17
[error] 
[error] Error: Failed to get Firebase project nexusar-website. Please make sure the project exists and your account has permission to access it.
